<?xml version="1.0" encoding="UTF-8"?>
<!-- Generated by org.testng.reporters.JUnitReportReporter -->
<testsuite name="com.alone.test.PosAutoTest" tests="15" time="100.050" ignored="0" failures="0" timestamp="05 一月 2022 09:36:23 GMT" skipped="0" hostname="alone-HedeMacBook-Pro.local" errors="0">
  <testcase name="normalTicket" time="31.534" classname="com.alone.test.PosAutoTest"/>
  <testcase name="trans" time="1.334" classname="com.alone.test.PosAutoTest"/>
  <testcase name="exchangeTicket" time="3.999" classname="com.alone.test.PosAutoTest"/>
  <testcase name="refundTicket" time="4.108" classname="com.alone.test.PosAutoTest"/>
  <testcase name="reprintTicket" time="1.005" classname="com.alone.test.PosAutoTest"/>
  <testcase name="poundageTran" time="1.759" classname="com.alone.test.PosAutoTest"/>
  <testcase name="upgradeTicket" time="2.044" classname="com.alone.test.PosAutoTest"/>
  <testcase name="releaseTicket" time="2.228" classname="com.alone.test.PosAutoTest"/>
  <testcase name="claimTicket" time="2.335" classname="com.alone.test.PosAutoTest"/>
  <testcase name="changeHolder" time="2.528" classname="com.alone.test.PosAutoTest"/>
  <testcase name="login" time="2.157" classname="com.alone.test.PosAutoTest"/>
  <testcase name="telephoneTicket" time="29.614" classname="com.alone.test.PosAutoTest"/>
  <testcase name="bulkTicket" time="5.716" classname="com.alone.test.PosAutoTest"/>
  <testcase name="ReservationConsignment" time="8.233" classname="com.alone.test.PosAutoTest"/>
  <testcase name="collectionTicket" time="1.456" classname="com.alone.test.PosAutoTest"/>
</testsuite> <!-- com.alone.test.PosAutoTest -->
